[21-Feb-2024 15:56:29 UTC] Sync process for Gutenberg Blocks has started.
[21-Feb-2024 15:56:29 UTC] CATEGORY: Storing in option ast-block-templates-categories
[21-Feb-2024 15:56:29 UTC] BLOCK: Requests count 8
[21-Feb-2024 15:56:29 UTC] BLOCK: Importing request 1 ..
[21-Feb-2024 15:56:29 UTC] BLOCK: https://websitedemos.net/wp-json/astra-blocks/v2/blocks/?page_builder=gutenberg&per_page=30&page=1&wireframe=yes
[21-Feb-2024 15:56:29 UTC] BLOCK: Storing in option ast-block-templates-blocks-1
[21-Feb-2024 15:56:29 UTC] BLOCK: Completed request 1
[21-Feb-2024 15:56:29 UTC] BLOCK: Importing request 2 ..
[21-Feb-2024 15:56:29 UTC] BLOCK: https://websitedemos.net/wp-json/astra-blocks/v2/blocks/?page_builder=gutenberg&per_page=30&page=2&wireframe=yes
[21-Feb-2024 15:56:30 UTC] BLOCK: Storing in option ast-block-templates-blocks-2
[21-Feb-2024 15:56:30 UTC] BLOCK: Completed request 2
[21-Feb-2024 15:56:30 UTC] BLOCK: Importing request 3 ..
[21-Feb-2024 15:56:30 UTC] BLOCK: https://websitedemos.net/wp-json/astra-blocks/v2/blocks/?page_builder=gutenberg&per_page=30&page=3&wireframe=yes
[21-Feb-2024 15:56:30 UTC] BLOCK: Storing in option ast-block-templates-blocks-3
[21-Feb-2024 15:56:31 UTC] BLOCK: Completed request 3
[21-Feb-2024 15:56:31 UTC] BLOCK: Importing request 4 ..
[21-Feb-2024 15:56:31 UTC] BLOCK: https://websitedemos.net/wp-json/astra-blocks/v2/blocks/?page_builder=gutenberg&per_page=30&page=4&wireframe=yes
[21-Feb-2024 15:56:31 UTC] BLOCK: Storing in option ast-block-templates-blocks-4
[21-Feb-2024 15:56:31 UTC] BLOCK: Completed request 4
[21-Feb-2024 15:56:31 UTC] BLOCK: Importing request 5 ..
[21-Feb-2024 15:56:31 UTC] BLOCK: https://websitedemos.net/wp-json/astra-blocks/v2/blocks/?page_builder=gutenberg&per_page=30&page=5&wireframe=yes
[21-Feb-2024 15:56:31 UTC] BLOCK: Storing in option ast-block-templates-blocks-5
[21-Feb-2024 15:56:32 UTC] BLOCK: Completed request 5
[21-Feb-2024 15:56:32 UTC] BLOCK: Importing request 6 ..
[21-Feb-2024 15:56:32 UTC] BLOCK: https://websitedemos.net/wp-json/astra-blocks/v2/blocks/?page_builder=gutenberg&per_page=30&page=6&wireframe=yes
[21-Feb-2024 15:56:32 UTC] BLOCK: Storing in option ast-block-templates-blocks-6
[21-Feb-2024 15:56:32 UTC] BLOCK: Completed request 6
[21-Feb-2024 15:56:32 UTC] BLOCK: Importing request 7 ..
[21-Feb-2024 15:56:32 UTC] BLOCK: https://websitedemos.net/wp-json/astra-blocks/v2/blocks/?page_builder=gutenberg&per_page=30&page=7&wireframe=yes
[21-Feb-2024 15:56:32 UTC] BLOCK: Storing in option ast-block-templates-blocks-7
[21-Feb-2024 15:56:32 UTC] BLOCK: Completed request 7
[21-Feb-2024 15:56:32 UTC] BLOCK: Importing request 8 ..
[21-Feb-2024 15:56:32 UTC] BLOCK: https://websitedemos.net/wp-json/astra-blocks/v2/blocks/?page_builder=gutenberg&per_page=30&page=8&wireframe=yes
[21-Feb-2024 15:56:33 UTC] BLOCK: Storing in option ast-block-templates-blocks-8
[21-Feb-2024 15:56:33 UTC] BLOCK: Completed request 8
[21-Feb-2024 15:56:33 UTC] SITE: Getting Total Sites
[21-Feb-2024 15:56:33 UTC] SITE: https://websitedemos.net/wp-json/astra-sites/v1/get-total-pages/?page_builder=gutenberg&per_page=30
[21-Feb-2024 15:56:33 UTC] SITE: Request count 9
[21-Feb-2024 15:56:33 UTC] SITE: Importing request 1 ..
[21-Feb-2024 15:56:33 UTC] SITE: https://websitedemos.net/wp-json/astra-sites/v1/sites-and-pages/?per_page=30&page=1&page-builder=gutenberg
[21-Feb-2024 15:56:33 UTC] SITE: Storing in option ast-block-templates-sites-1
[21-Feb-2024 15:56:33 UTC] SITE: Completed request 1
[21-Feb-2024 15:56:33 UTC] SITE: Importing request 2 ..
[21-Feb-2024 15:56:33 UTC] SITE: https://websitedemos.net/wp-json/astra-sites/v1/sites-and-pages/?per_page=30&page=2&page-builder=gutenberg
[21-Feb-2024 15:56:33 UTC] SITE: Storing in option ast-block-templates-sites-2
[21-Feb-2024 15:56:33 UTC] SITE: Completed request 2
[21-Feb-2024 15:56:33 UTC] SITE: Importing request 3 ..
[21-Feb-2024 15:56:33 UTC] SITE: https://websitedemos.net/wp-json/astra-sites/v1/sites-and-pages/?per_page=30&page=3&page-builder=gutenberg
[21-Feb-2024 15:56:34 UTC] SITE: Storing in option ast-block-templates-sites-3
[21-Feb-2024 15:56:34 UTC] SITE: Completed request 3
[21-Feb-2024 15:56:34 UTC] SITE: Importing request 4 ..
[21-Feb-2024 15:56:34 UTC] SITE: https://websitedemos.net/wp-json/astra-sites/v1/sites-and-pages/?per_page=30&page=4&page-builder=gutenberg
[21-Feb-2024 15:56:34 UTC] SITE: Storing in option ast-block-templates-sites-4
[21-Feb-2024 15:56:34 UTC] SITE: Completed request 4
[21-Feb-2024 15:56:34 UTC] SITE: Importing request 5 ..
[21-Feb-2024 15:56:34 UTC] SITE: https://websitedemos.net/wp-json/astra-sites/v1/sites-and-pages/?per_page=30&page=5&page-builder=gutenberg
[21-Feb-2024 15:56:34 UTC] SITE: Storing in option ast-block-templates-sites-5
[21-Feb-2024 15:56:34 UTC] SITE: Completed request 5
[21-Feb-2024 15:56:34 UTC] SITE: Importing request 6 ..
[21-Feb-2024 15:56:34 UTC] SITE: https://websitedemos.net/wp-json/astra-sites/v1/sites-and-pages/?per_page=30&page=6&page-builder=gutenberg
[21-Feb-2024 15:56:34 UTC] SITE: Storing in option ast-block-templates-sites-6
[21-Feb-2024 15:56:35 UTC] SITE: Completed request 6
[21-Feb-2024 15:56:35 UTC] SITE: Importing request 7 ..
[21-Feb-2024 15:56:35 UTC] SITE: https://websitedemos.net/wp-json/astra-sites/v1/sites-and-pages/?per_page=30&page=7&page-builder=gutenberg
[21-Feb-2024 15:56:35 UTC] SITE: Storing in option ast-block-templates-sites-7
[21-Feb-2024 15:56:35 UTC] SITE: Completed request 7
[21-Feb-2024 15:56:35 UTC] SITE: Importing request 8 ..
[21-Feb-2024 15:56:35 UTC] SITE: https://websitedemos.net/wp-json/astra-sites/v1/sites-and-pages/?per_page=30&page=8&page-builder=gutenberg
[21-Feb-2024 15:56:35 UTC] SITE: Storing in option ast-block-templates-sites-8
[21-Feb-2024 15:56:35 UTC] SITE: Completed request 8
[21-Feb-2024 15:56:35 UTC] SITE: Importing request 9 ..
[21-Feb-2024 15:56:35 UTC] SITE: https://websitedemos.net/wp-json/astra-sites/v1/sites-and-pages/?per_page=30&page=9&page-builder=gutenberg
[21-Feb-2024 15:56:35 UTC] SITE: Storing in option ast-block-templates-sites-9
[21-Feb-2024 15:56:35 UTC] SITE: Completed request 9
[21-Feb-2024 15:56:35 UTC] Sync process for Gutenberg Blocks is done.
[21-Feb-2024 15:56:35 UTC] BLOCK: Getting Server Custimizer CSS
[21-Feb-2024 15:56:35 UTC] BLOCK: https://websitedemos.net/wp-json/astra-blocks/v2/get-customizer-css
[21-Feb-2024 16:17:33 UTC] Cron reschedule event error for hook: action_scheduler_run_queue, Error code: invalid_schedule, Error message: Event schedule does not exist., Data: {"schedule":"every_minute","args":["WP Cron"],"interval":60}
[11-Nov-2024 12:08:45 UTC] Sync process for Gutenberg Blocks has started.
[11-Nov-2024 12:08:45 UTC] CATEGORY: Storing in option ast-block-templates-categories
[11-Nov-2024 12:08:45 UTC] BLOCK: Requests count 7
[11-Nov-2024 12:08:45 UTC] BLOCK: Importing request 1 ..
[11-Nov-2024 12:08:45 UTC] BLOCK: https://websitedemos.net/wp-json/astra-blocks/v2/blocks/?page_builder=gutenberg&per_page=30&page=1&wireframe=yes
[11-Nov-2024 12:08:45 UTC] BLOCK: Storing in option ast-block-templates-blocks-1
[11-Nov-2024 12:08:45 UTC] BLOCK: Completed request 1
[11-Nov-2024 12:08:45 UTC] BLOCK: Importing request 2 ..
[11-Nov-2024 12:08:45 UTC] BLOCK: https://websitedemos.net/wp-json/astra-blocks/v2/blocks/?page_builder=gutenberg&per_page=30&page=2&wireframe=yes
[11-Nov-2024 12:08:46 UTC] BLOCK: Storing in option ast-block-templates-blocks-2
[11-Nov-2024 12:08:46 UTC] BLOCK: Completed request 2
[11-Nov-2024 12:08:46 UTC] BLOCK: Importing request 3 ..
[11-Nov-2024 12:08:46 UTC] BLOCK: https://websitedemos.net/wp-json/astra-blocks/v2/blocks/?page_builder=gutenberg&per_page=30&page=3&wireframe=yes
[11-Nov-2024 12:08:46 UTC] BLOCK: Storing in option ast-block-templates-blocks-3
[11-Nov-2024 12:08:47 UTC] BLOCK: Completed request 3
[11-Nov-2024 12:08:47 UTC] BLOCK: Importing request 4 ..
[11-Nov-2024 12:08:47 UTC] BLOCK: https://websitedemos.net/wp-json/astra-blocks/v2/blocks/?page_builder=gutenberg&per_page=30&page=4&wireframe=yes
[11-Nov-2024 12:08:47 UTC] BLOCK: Storing in option ast-block-templates-blocks-4
[11-Nov-2024 12:08:47 UTC] BLOCK: Completed request 4
[11-Nov-2024 12:08:47 UTC] BLOCK: Importing request 5 ..
[11-Nov-2024 12:08:47 UTC] BLOCK: https://websitedemos.net/wp-json/astra-blocks/v2/blocks/?page_builder=gutenberg&per_page=30&page=5&wireframe=yes
[11-Nov-2024 12:08:47 UTC] BLOCK: Storing in option ast-block-templates-blocks-5
[11-Nov-2024 12:08:47 UTC] BLOCK: Completed request 5
[11-Nov-2024 12:08:47 UTC] BLOCK: Importing request 6 ..
[11-Nov-2024 12:08:47 UTC] BLOCK: https://websitedemos.net/wp-json/astra-blocks/v2/blocks/?page_builder=gutenberg&per_page=30&page=6&wireframe=yes
[11-Nov-2024 12:08:47 UTC] BLOCK: Storing in option ast-block-templates-blocks-6
[11-Nov-2024 12:08:48 UTC] BLOCK: Completed request 6
[11-Nov-2024 12:08:48 UTC] BLOCK: Importing request 7 ..
[11-Nov-2024 12:08:48 UTC] BLOCK: https://websitedemos.net/wp-json/astra-blocks/v2/blocks/?page_builder=gutenberg&per_page=30&page=7&wireframe=yes
[11-Nov-2024 12:08:48 UTC] BLOCK: Storing in option ast-block-templates-blocks-7
[11-Nov-2024 12:08:48 UTC] BLOCK: Completed request 7
[11-Nov-2024 12:08:48 UTC] SITE: Getting Total Sites
[11-Nov-2024 12:08:48 UTC] SITE: https://websitedemos.net/wp-json/astra-sites/v1/get-total-pages/?page_builder=gutenberg&per_page=30
[11-Nov-2024 12:08:48 UTC] SITE: Request count 11
[11-Nov-2024 12:08:48 UTC] SITE: Importing request 1 ..
[11-Nov-2024 12:08:48 UTC] SITE: https://websitedemos.net/wp-json/astra-sites/v1/sites-and-pages/?per_page=30&page=1&page-builder=gutenberg
[11-Nov-2024 12:08:48 UTC] SITE: Storing in option ast-block-templates-sites-1
[11-Nov-2024 12:08:48 UTC] SITE: Completed request 1
[11-Nov-2024 12:08:48 UTC] SITE: Importing request 2 ..
[11-Nov-2024 12:08:48 UTC] SITE: https://websitedemos.net/wp-json/astra-sites/v1/sites-and-pages/?per_page=30&page=2&page-builder=gutenberg
[11-Nov-2024 12:08:48 UTC] SITE: Storing in option ast-block-templates-sites-2
[11-Nov-2024 12:08:48 UTC] SITE: Completed request 2
[11-Nov-2024 12:08:48 UTC] SITE: Importing request 3 ..
[11-Nov-2024 12:08:48 UTC] SITE: https://websitedemos.net/wp-json/astra-sites/v1/sites-and-pages/?per_page=30&page=3&page-builder=gutenberg
[11-Nov-2024 12:08:48 UTC] SITE: Storing in option ast-block-templates-sites-3
[11-Nov-2024 12:08:48 UTC] SITE: Completed request 3
[11-Nov-2024 12:08:48 UTC] SITE: Importing request 4 ..
[11-Nov-2024 12:08:48 UTC] SITE: https://websitedemos.net/wp-json/astra-sites/v1/sites-and-pages/?per_page=30&page=4&page-builder=gutenberg
[11-Nov-2024 12:08:48 UTC] SITE: Storing in option ast-block-templates-sites-4
[11-Nov-2024 12:08:49 UTC] SITE: Completed request 4
[11-Nov-2024 12:08:49 UTC] SITE: Importing request 5 ..
[11-Nov-2024 12:08:49 UTC] SITE: https://websitedemos.net/wp-json/astra-sites/v1/sites-and-pages/?per_page=30&page=5&page-builder=gutenberg
[11-Nov-2024 12:08:49 UTC] SITE: Storing in option ast-block-templates-sites-5
[11-Nov-2024 12:08:49 UTC] SITE: Completed request 5
[11-Nov-2024 12:08:49 UTC] SITE: Importing request 6 ..
[11-Nov-2024 12:08:49 UTC] SITE: https://websitedemos.net/wp-json/astra-sites/v1/sites-and-pages/?per_page=30&page=6&page-builder=gutenberg
[11-Nov-2024 12:08:49 UTC] SITE: Storing in option ast-block-templates-sites-6
[11-Nov-2024 12:08:49 UTC] SITE: Completed request 6
[11-Nov-2024 12:08:49 UTC] SITE: Importing request 7 ..
[11-Nov-2024 12:08:49 UTC] SITE: https://websitedemos.net/wp-json/astra-sites/v1/sites-and-pages/?per_page=30&page=7&page-builder=gutenberg
[11-Nov-2024 12:08:49 UTC] SITE: Storing in option ast-block-templates-sites-7
[11-Nov-2024 12:08:49 UTC] SITE: Completed request 7
[11-Nov-2024 12:08:49 UTC] SITE: Importing request 8 ..
[11-Nov-2024 12:08:49 UTC] SITE: https://websitedemos.net/wp-json/astra-sites/v1/sites-and-pages/?per_page=30&page=8&page-builder=gutenberg
[11-Nov-2024 12:08:49 UTC] SITE: Storing in option ast-block-templates-sites-8
[11-Nov-2024 12:08:49 UTC] SITE: Completed request 8
[11-Nov-2024 12:08:49 UTC] SITE: Importing request 9 ..
[11-Nov-2024 12:08:49 UTC] SITE: https://websitedemos.net/wp-json/astra-sites/v1/sites-and-pages/?per_page=30&page=9&page-builder=gutenberg
[11-Nov-2024 12:08:49 UTC] SITE: Storing in option ast-block-templates-sites-9
[11-Nov-2024 12:08:49 UTC] SITE: Completed request 9
[11-Nov-2024 12:08:49 UTC] SITE: Importing request 10 ..
[11-Nov-2024 12:08:49 UTC] SITE: https://websitedemos.net/wp-json/astra-sites/v1/sites-and-pages/?per_page=30&page=10&page-builder=gutenberg
[11-Nov-2024 12:08:49 UTC] SITE: Storing in option ast-block-templates-sites-10
[11-Nov-2024 12:08:49 UTC] SITE: Completed request 10
[11-Nov-2024 12:08:49 UTC] SITE: Importing request 11 ..
[11-Nov-2024 12:08:49 UTC] SITE: https://websitedemos.net/wp-json/astra-sites/v1/sites-and-pages/?per_page=30&page=11&page-builder=gutenberg
[11-Nov-2024 12:08:49 UTC] SITE: Storing in option ast-block-templates-sites-11
[11-Nov-2024 12:08:50 UTC] SITE: Completed request 11
[11-Nov-2024 12:08:50 UTC] Sync process for Gutenberg Blocks is done.
[11-Nov-2024 12:08:50 UTC] BLOCK: Getting Server Custimizer CSS
[11-Nov-2024 12:08:50 UTC] BLOCK: https://websitedemos.net/wp-json/astra-blocks/v2/get-customizer-css
[11-Nov-2024 12:08:52 UTC] Blocks are up to date.
